49 error Error: Command failed with exit code 1: npm install --package-lock-only --ignore-scripts
49 error npm ERR! code ERESOLVE
49 error npm ERR! ERESOLVE unable to resolve dependency tree
49 error npm ERR!
49 error npm ERR! While resolving: versi-ui-components@undefined
49 error npm ERR! Found: eslint@9.2.0
49 error npm ERR! node_modules/eslint
49 error npm ERR!   dev eslint@"^9.1.1" from the root project
49 error npm ERR!
49 error npm ERR! Could not resolve dependency:
49 error npm ERR! peer eslint@"^8.56.0" from @typescript-eslint/parser@7.8.0
49 error npm ERR! node_modules/@typescript-eslint/parser
49 error npm ERR!   dev @typescript-eslint/parser@"^7.8.0" from the root project
49 error npm ERR!   peer @typescript-eslint/parser@"^7.0.0" from @typescript-eslint/eslint-plugin@7.8.0
49 error npm ERR!   node_modules/@typescript-eslint/eslint-plugin
49 error npm ERR!     dev @typescript-eslint/eslint-plugin@"^7.8.0" from the root project
49 error npm ERR!
49 error npm ERR! Fix the upstream dependency conflict, or retry
49 error npm ERR! this command with --force or --legacy-peer-deps
49 error npm ERR! to accept an incorrect (and potentially broken) dependency resolution.
49 error npm ERR!
49 error npm ERR!
49 error npm ERR! For a full report see:
49 error npm ERR! C:\Users\jerom\AppData\Local\npm-cache\_logs\2024-05-11T00_28_26_052Z-eresolve-report.txt
49 error
49 error npm ERR! A complete log of this run can be found in: C:\Users\jerom\AppData\Local\npm-cache\_logs\2024-05-11T00_28_26_052Z-debug-0.log
49 error     at makeError (C:\Users\jerom\Projects\monorepo\node_modules\execa\lib\error.js:59:11)
49 error     at handlePromise (C:\Users\jerom\Projects\monorepo\node_modules\execa\index.js:114:26)
49 error     at process.processTicksAndRejections (node:internal/process/task_queues:95:5)
49 error     at async VersionCommand.updatePackageVersions (C:\Users\jerom\Projects\monorepo\node_modules\lerna\dist\index.js:8469:13)
49 error     at async Promise.all (index 0)
